2015-12-30 10:31:34,593 [Worker-24] INFO  o.e.m.c.i.l.LifecycleMappingFactory - Using org.eclipse.m2e.jdt.JarLifecycleMapping lifecycle mapping for MavenProject: JaxBExample:JaxBExample:0.0.1-SNAPSHOT @ C:\rajan\workspaces\JaxbWorkspace\001JaxBExample\pom.xml.
2015-12-30 10:31:37,225 [Worker-16] INFO  o.e.m.c.i.l.LifecycleMappingFactory - Using org.eclipse.m2e.jdt.JarLifecycleMapping lifecycle mapping for MavenProject: JaxBExample:JaxBExample:0.0.1-SNAPSHOT @ C:\rajan\workspaces\JaxbWorkspace\001JaxBExample\pom.xml.
2015-12-30 10:31:38,994 [Worker-24] WARN  o.e.m.c.i.embedder.EclipseLogger - Using platform encoding (Cp1252 actually) to copy filtered resources, i.e. build is platform dependent!
2015-12-30 10:31:38,999 [Worker-24] INFO  o.e.m.c.i.embedder.EclipseLogger - Copying 2 resources
2015-12-30 10:31:39,041 [Worker-24] INFO  o.e.m.c.i.embedder.EclipseLogger - Copying 1 resource
2015-12-30 10:31:39,047 [Worker-24] WARN  o.e.m.c.i.embedder.EclipseLogger - Using platform encoding (Cp1252 actually) to copy filtered resources, i.e. build is platform dependent!
2015-12-30 10:31:39,048 [Worker-24] INFO  o.e.m.c.i.embedder.EclipseLogger - skip non existing resourceDirectory C:\rajan\workspaces\JaxbWorkspace\001JaxBExample\src\test\resources
2015-12-30 10:31:40,623 [Worker-28] INFO  o.e.m.c.i.embedder.EclipseLogger - Skipped XJC execution. Generated sources were up-to-date.
2015-12-30 10:31:40,625 [Worker-28] WARN  o.e.m.c.i.embedder.EclipseLogger - Using platform encoding (Cp1252 actually) to copy filtered resources, i.e. build is platform dependent!
2015-12-30 10:31:40,629 [Worker-28] INFO  o.e.m.c.i.embedder.EclipseLogger - Copying 2 resources
2015-12-30 10:31:40,631 [Worker-28] INFO  o.e.m.c.i.embedder.EclipseLogger - Copying 1 resource
2015-12-30 10:31:40,633 [Worker-28] WARN  o.e.m.c.i.embedder.EclipseLogger - Using platform encoding (Cp1252 actually) to copy filtered resources, i.e. build is platform dependent!
2015-12-30 10:31:40,634 [Worker-28] INFO  o.e.m.c.i.embedder.EclipseLogger - skip non existing resourceDirectory C:\rajan\workspaces\JaxbWorkspace\001JaxBExample\src\test\resources
2015-12-30 10:32:12,722 [Worker-10] INFO  o.e.m.c.i.l.LifecycleMappingFactory - Using org.maven.ide.eclipse.wtp.WarLifecycleMapping lifecycle mapping for MavenProject: org.rajan.javabrains:002Messanger:0.0.1-SNAPSHOT @ C:\rajan\workspaces\JaxbWorkspace\002Messanger\pom.xml.
2015-12-30 10:32:15,676 [Worker-10] INFO  o.e.m.c.i.embedder.EclipseLogger - Using 'UTF-8' encoding to copy filtered resources.
2015-12-30 10:32:15,677 [Worker-10] INFO  o.e.m.c.i.embedder.EclipseLogger - Copying 0 resource
2015-12-30 10:32:15,679 [Worker-10] INFO  o.e.m.c.i.embedder.EclipseLogger - Using 'UTF-8' encoding to copy filtered resources.
2015-12-30 10:32:15,679 [Worker-10] INFO  o.e.m.c.i.embedder.EclipseLogger - skip non existing resourceDirectory C:\rajan\workspaces\JaxbWorkspace\002Messanger\src\test\resources
2015-12-30 10:32:17,864 [Worker-4] INFO  o.e.m.c.i.embedder.EclipseLogger - Using 'UTF-8' encoding to copy filtered resources.
2015-12-30 10:32:17,864 [Worker-4] INFO  o.e.m.c.i.embedder.EclipseLogger - Copying 0 resource
2015-12-30 10:32:17,866 [Worker-4] INFO  o.e.m.c.i.embedder.EclipseLogger - Using 'UTF-8' encoding to copy filtered resources.
2015-12-30 10:32:17,867 [Worker-4] INFO  o.e.m.c.i.embedder.EclipseLogger - skip non existing resourceDirectory C:\rajan\workspaces\JaxbWorkspace\002Messanger\src\test\resources
2015-12-30 10:33:40,579 [Worker-14] INFO  o.e.m.c.i.l.LifecycleMappingFactory - Using org.maven.ide.eclipse.wtp.WarLifecycleMapping lifecycle mapping for MavenProject: org.rajan.javabrains:002Messanger:0.0.1-SNAPSHOT @ C:\rajan\workspaces\JaxbWorkspace\002Messanger\pom.xml.
2015-12-30 10:33:41,712 [Worker-14] INFO  o.e.m.c.i.embedder.EclipseLogger - Using 'UTF-8' encoding to copy filtered resources.
2015-12-30 10:33:41,713 [Worker-14] INFO  o.e.m.c.i.embedder.EclipseLogger - Copying 0 resource
2015-12-30 10:33:41,714 [Worker-14] INFO  o.e.m.c.i.embedder.EclipseLogger - Using 'UTF-8' encoding to copy filtered resources.
2015-12-30 10:33:41,715 [Worker-14] INFO  o.e.m.c.i.embedder.EclipseLogger - skip non existing resourceDirectory C:\rajan\workspaces\JaxbWorkspace\002Messanger\src\test\resources
2015-12-30 10:33:41,715 [Worker-14] INFO  o.e.m.w.i.f.ResourceFilteringBuildParticipant - Changed resources require a complete clean of filtered resources of 002Messanger
2015-12-30 10:33:41,717 [Worker-14] INFO  o.e.m.w.i.f.ResourceFilteringBuildParticipant - Executing resource filtering for 002Messanger
2015-12-30 10:33:41,724 [Worker-14] INFO  o.e.m.c.i.embedder.EclipseLogger - Using 'UTF-8' encoding to copy filtered resources.
2015-12-30 10:33:57,178 [Worker-14] INFO  o.e.m.c.i.p.ProjectConfigurationManager - Update started
2015-12-30 10:33:57,595 [Worker-14] INFO  o.e.m.c.i.l.LifecycleMappingFactory - Using org.maven.ide.eclipse.wtp.WarLifecycleMapping lifecycle mapping for MavenProject: org.rajan.javabrains:002Messanger:0.0.1-SNAPSHOT @ C:\rajan\workspaces\JaxbWorkspace\002Messanger\pom.xml.
2015-12-30 10:33:58,583 [Worker-14] INFO  o.e.m.j.i.AbstractJavaProjectConfigurator - Adding source folder /002Messanger/src/main/java
2015-12-30 10:33:58,584 [Worker-14] INFO  o.e.m.j.i.AbstractJavaProjectConfigurator - Adding resource folder /002Messanger/src/main/resources
2015-12-30 10:33:58,585 [Worker-14] INFO  o.e.m.j.i.AbstractJavaProjectConfigurator - Adding source folder /002Messanger/src/test/java
2015-12-30 10:33:59,255 [Worker-14] INFO  o.e.m.w.i.f.ResourceFilteringBuildParticipant - Cleaning filtered folder for 002Messanger
2015-12-30 10:33:59,264 [Worker-14] INFO  o.e.m.c.i.p.ProjectConfigurationManager - Update completed: 2 sec
2015-12-30 10:33:59,683 [Worker-4] INFO  o.e.m.c.i.embedder.EclipseLogger - Using 'UTF-8' encoding to copy filtered resources.
2015-12-30 10:33:59,684 [Worker-4] INFO  o.e.m.c.i.embedder.EclipseLogger - Copying 0 resource
2015-12-30 10:33:59,685 [Worker-4] INFO  o.e.m.c.i.embedder.EclipseLogger - Using 'UTF-8' encoding to copy filtered resources.
2015-12-30 10:33:59,686 [Worker-4] INFO  o.e.m.c.i.embedder.EclipseLogger - skip non existing resourceDirectory C:\rajan\workspaces\JaxbWorkspace\002Messanger\src\test\resources
2015-12-30 10:33:59,686 [Worker-4] INFO  o.e.m.w.i.f.ResourceFilteringBuildParticipant - Changed resources require a complete clean of filtered resources of 002Messanger
2015-12-30 10:33:59,686 [Worker-4] INFO  o.e.m.w.i.f.ResourceFilteringBuildParticipant - Executing resource filtering for 002Messanger
2015-12-30 10:33:59,691 [Worker-4] INFO  o.e.m.c.i.embedder.EclipseLogger - Using 'UTF-8' encoding to copy filtered resources.
2015-12-30 10:34:16,345 [Worker-26] INFO  o.e.m.i.launch.MavenLaunchDelegate - C:\rajan\workspaces\JaxbWorkspace\002Messanger
2015-12-30 10:34:16,345 [Worker-26] INFO  o.e.m.i.launch.MavenLaunchDelegate -  mvn  -B clean
2015-12-30 10:34:18,748 [Worker-5] INFO  o.e.m.c.i.embedder.EclipseLogger - Using 'UTF-8' encoding to copy filtered resources.
2015-12-30 10:34:18,749 [Worker-5] INFO  o.e.m.c.i.embedder.EclipseLogger - Copying 0 resource
2015-12-30 10:34:18,751 [Worker-5] INFO  o.e.m.c.i.embedder.EclipseLogger - Using 'UTF-8' encoding to copy filtered resources.
2015-12-30 10:34:18,751 [Worker-5] INFO  o.e.m.c.i.embedder.EclipseLogger - skip non existing resourceDirectory C:\rajan\workspaces\JaxbWorkspace\002Messanger\src\test\resources
2015-12-30 10:34:18,752 [Worker-5] INFO  o.e.m.w.i.f.ResourceFilteringBuildParticipant - Changed resources require a complete clean of filtered resources of 002Messanger
2015-12-30 10:34:18,752 [Worker-5] INFO  o.e.m.w.i.f.ResourceFilteringBuildParticipant - Executing resource filtering for 002Messanger
2015-12-30 10:34:18,756 [Worker-5] INFO  o.e.m.c.i.embedder.EclipseLogger - Using 'UTF-8' encoding to copy filtered resources.
2015-12-30 10:34:19,937 [Worker-2] INFO  o.e.m.c.i.embedder.EclipseLogger - Using 'UTF-8' encoding to copy filtered resources.
2015-12-30 10:34:19,938 [Worker-2] INFO  o.e.m.c.i.embedder.EclipseLogger - Copying 0 resource
2015-12-30 10:34:19,941 [Worker-2] INFO  o.e.m.c.i.embedder.EclipseLogger - Using 'UTF-8' encoding to copy filtered resources.
2015-12-30 10:34:19,942 [Worker-2] INFO  o.e.m.c.i.embedder.EclipseLogger - skip non existing resourceDirectory C:\rajan\workspaces\JaxbWorkspace\002Messanger\src\test\resources
2015-12-30 10:34:30,575 [Worker-26] INFO  o.e.m.c.i.embedder.EclipseLogger - Skipped XJC execution. Generated sources were up-to-date.
2015-12-30 10:34:30,577 [Worker-26] WARN  o.e.m.c.i.embedder.EclipseLogger - Using platform encoding (Cp1252 actually) to copy filtered resources, i.e. build is platform dependent!
2015-12-30 10:34:30,578 [Worker-26] INFO  o.e.m.c.i.embedder.EclipseLogger - Copying 0 resource
2015-12-30 10:34:30,579 [Worker-26] INFO  o.e.m.c.i.embedder.EclipseLogger - Copying 0 resource
2015-12-30 10:34:30,579 [Worker-26] WARN  o.e.m.c.i.embedder.EclipseLogger - Using platform encoding (Cp1252 actually) to copy filtered resources, i.e. build is platform dependent!
2015-12-30 10:34:30,580 [Worker-26] INFO  o.e.m.c.i.embedder.EclipseLogger - skip non existing resourceDirectory C:\rajan\workspaces\JaxbWorkspace\001JaxBExample\src\test\resources
2015-12-30 10:34:30,595 [Worker-26] INFO  o.e.m.c.i.embedder.EclipseLogger - Using 'UTF-8' encoding to copy filtered resources.
2015-12-30 10:34:30,597 [Worker-26] INFO  o.e.m.c.i.embedder.EclipseLogger - Copying 0 resource
2015-12-30 10:34:30,598 [Worker-26] INFO  o.e.m.c.i.embedder.EclipseLogger - Using 'UTF-8' encoding to copy filtered resources.
2015-12-30 10:34:30,598 [Worker-26] INFO  o.e.m.c.i.embedder.EclipseLogger - skip non existing resourceDirectory C:\rajan\workspaces\JaxbWorkspace\002Messanger\src\test\resources
2015-12-30 10:35:37,469 [Worker-21] INFO  o.e.m.c.i.embedder.EclipseLogger - Using 'UTF-8' encoding to copy filtered resources.
2015-12-30 10:35:37,471 [Worker-21] INFO  o.e.m.c.i.embedder.EclipseLogger - Copying 0 resource
2015-12-30 10:35:37,472 [Worker-21] INFO  o.e.m.c.i.embedder.EclipseLogger - Using 'UTF-8' encoding to copy filtered resources.
2015-12-30 10:35:37,472 [Worker-21] INFO  o.e.m.c.i.embedder.EclipseLogger - skip non existing resourceDirectory C:\rajan\workspaces\JaxbWorkspace\002Messanger\src\test\resources
2015-12-30 10:35:44,016 [Worker-16] INFO  o.e.m.c.i.embedder.EclipseLogger - Skipped XJC execution. Generated sources were up-to-date.
2015-12-30 10:35:44,052 [Worker-16] WARN  o.e.m.c.i.embedder.EclipseLogger - Using platform encoding (Cp1252 actually) to copy filtered resources, i.e. build is platform dependent!
2015-12-30 10:35:44,054 [Worker-16] INFO  o.e.m.c.i.embedder.EclipseLogger - Copying 2 resources
2015-12-30 10:35:44,065 [Worker-16] INFO  o.e.m.c.i.embedder.EclipseLogger - Copying 1 resource
2015-12-30 10:35:44,069 [Worker-16] WARN  o.e.m.c.i.embedder.EclipseLogger - Using platform encoding (Cp1252 actually) to copy filtered resources, i.e. build is platform dependent!
2015-12-30 10:35:44,070 [Worker-16] INFO  o.e.m.c.i.embedder.EclipseLogger - skip non existing resourceDirectory C:\rajan\workspaces\JaxbWorkspace\001JaxBExample\src\test\resources
2015-12-30 10:36:06,751 [Worker-5] INFO  o.e.m.c.i.embedder.EclipseLogger - Using 'UTF-8' encoding to copy filtered resources.
2015-12-30 10:36:06,752 [Worker-5] INFO  o.e.m.c.i.embedder.EclipseLogger - Copying 0 resource
2015-12-30 10:36:06,754 [Worker-5] INFO  o.e.m.c.i.embedder.EclipseLogger - Using 'UTF-8' encoding to copy filtered resources.
2015-12-30 10:36:06,754 [Worker-5] INFO  o.e.m.c.i.embedder.EclipseLogger - skip non existing resourceDirectory C:\rajan\workspaces\JaxbWorkspace\002Messanger\src\test\resources
2015-12-30 10:40:22,988 [Worker-30] INFO  o.e.m.c.i.embedder.EclipseLogger - Skipped XJC execution. Generated sources were up-to-date.
2015-12-30 10:40:22,989 [Worker-30] WARN  o.e.m.c.i.embedder.EclipseLogger - Using platform encoding (Cp1252 actually) to copy filtered resources, i.e. build is platform dependent!
2015-12-30 10:40:22,991 [Worker-30] INFO  o.e.m.c.i.embedder.EclipseLogger - Copying 0 resource
2015-12-30 10:40:22,993 [Worker-30] INFO  o.e.m.c.i.embedder.EclipseLogger - Copying 1 resource
2015-12-30 10:40:22,995 [Worker-30] WARN  o.e.m.c.i.embedder.EclipseLogger - Using platform encoding (Cp1252 actually) to copy filtered resources, i.e. build is platform dependent!
2015-12-30 10:40:22,998 [Worker-30] INFO  o.e.m.c.i.embedder.EclipseLogger - skip non existing resourceDirectory C:\rajan\workspaces\JaxbWorkspace\001JaxBExample\src\test\resources
2015-12-30 10:40:23,289 [Worker-23] INFO  o.e.m.c.i.embedder.EclipseLogger - Skipped XJC execution. Generated sources were up-to-date.
2015-12-30 10:40:23,291 [Worker-23] WARN  o.e.m.c.i.embedder.EclipseLogger - Using platform encoding (Cp1252 actually) to copy filtered resources, i.e. build is platform dependent!
2015-12-30 10:40:23,292 [Worker-23] INFO  o.e.m.c.i.embedder.EclipseLogger - Copying 2 resources
2015-12-30 10:40:23,294 [Worker-23] INFO  o.e.m.c.i.embedder.EclipseLogger - Copying 1 resource
2015-12-30 10:40:23,295 [Worker-23] WARN  o.e.m.c.i.embedder.EclipseLogger - Using platform encoding (Cp1252 actually) to copy filtered resources, i.e. build is platform dependent!
2015-12-30 10:40:23,296 [Worker-23] INFO  o.e.m.c.i.embedder.EclipseLogger - skip non existing resourceDirectory C:\rajan\workspaces\JaxbWorkspace\001JaxBExample\src\test\resources
2015-12-30 10:54:45,732 [Worker-14] INFO  o.e.m.c.i.l.LifecycleMappingFactory - Using org.maven.ide.eclipse.wtp.WarLifecycleMapping lifecycle mapping for MavenProject: org.rajan.javabrains:002Messanger:0.0.1-SNAPSHOT @ C:\rajan\workspaces\JaxbWorkspace\003Messanger\pom.xml.
2015-12-30 10:54:46,437 [Worker-14] INFO  o.e.m.c.i.embedder.EclipseLogger - Using 'UTF-8' encoding to copy filtered resources.
2015-12-30 10:54:46,438 [Worker-14] INFO  o.e.m.c.i.embedder.EclipseLogger - Copying 0 resource
2015-12-30 10:54:46,441 [Worker-14] INFO  o.e.m.c.i.embedder.EclipseLogger - Using 'UTF-8' encoding to copy filtered resources.
2015-12-30 10:54:46,441 [Worker-14] INFO  o.e.m.c.i.embedder.EclipseLogger - skip non existing resourceDirectory C:\rajan\workspaces\JaxbWorkspace\003Messanger\src\test\resources
2015-12-30 10:54:47,938 [Worker-14] INFO  o.e.m.c.i.embedder.EclipseLogger - Using 'UTF-8' encoding to copy filtered resources.
2015-12-30 10:54:47,938 [Worker-14] INFO  o.e.m.c.i.embedder.EclipseLogger - Copying 0 resource
2015-12-30 10:54:47,940 [Worker-14] INFO  o.e.m.c.i.embedder.EclipseLogger - Using 'UTF-8' encoding to copy filtered resources.
2015-12-30 10:54:47,940 [Worker-14] INFO  o.e.m.c.i.embedder.EclipseLogger - skip non existing resourceDirectory C:\rajan\workspaces\JaxbWorkspace\003Messanger\src\test\resources
2015-12-30 10:55:38,548 [Worker-14] INFO  o.e.m.c.i.embedder.EclipseLogger - Using 'UTF-8' encoding to copy filtered resources.
2015-12-30 10:55:38,549 [Worker-14] INFO  o.e.m.c.i.embedder.EclipseLogger - Copying 0 resource
2015-12-30 10:55:38,550 [Worker-14] INFO  o.e.m.c.i.embedder.EclipseLogger - Using 'UTF-8' encoding to copy filtered resources.
2015-12-30 10:55:38,550 [Worker-14] INFO  o.e.m.c.i.embedder.EclipseLogger - skip non existing resourceDirectory C:\rajan\workspaces\JaxbWorkspace\003Messanger\src\test\resources
2015-12-30 10:56:02,008 [Worker-34] INFO  o.e.m.c.i.embedder.EclipseLogger - Using 'UTF-8' encoding to copy filtered resources.
2015-12-30 10:56:02,009 [Worker-34] INFO  o.e.m.c.i.embedder.EclipseLogger - Copying 0 resource
2015-12-30 10:56:02,010 [Worker-34] INFO  o.e.m.c.i.embedder.EclipseLogger - Using 'UTF-8' encoding to copy filtered resources.
2015-12-30 10:56:02,011 [Worker-34] INFO  o.e.m.c.i.embedder.EclipseLogger - skip non existing resourceDirectory C:\rajan\workspaces\JaxbWorkspace\003Messanger\src\test\resources
2015-12-30 10:56:54,574 [Worker-37] INFO  o.e.m.c.i.embedder.EclipseLogger - Using 'UTF-8' encoding to copy filtered resources.
2015-12-30 10:56:54,575 [Worker-37] INFO  o.e.m.c.i.embedder.EclipseLogger - Copying 0 resource
2015-12-30 10:56:54,577 [Worker-37] INFO  o.e.m.c.i.embedder.EclipseLogger - Using 'UTF-8' encoding to copy filtered resources.
2015-12-30 10:56:54,577 [Worker-37] INFO  o.e.m.c.i.embedder.EclipseLogger - skip non existing resourceDirectory C:\rajan\workspaces\JaxbWorkspace\003Messanger\src\test\resources
2015-12-30 10:57:40,320 [Worker-37] INFO  o.e.m.c.i.embedder.EclipseLogger - Using 'UTF-8' encoding to copy filtered resources.
2015-12-30 10:57:40,321 [Worker-37] INFO  o.e.m.c.i.embedder.EclipseLogger - Copying 0 resource
2015-12-30 10:57:40,322 [Worker-37] INFO  o.e.m.c.i.embedder.EclipseLogger - Using 'UTF-8' encoding to copy filtered resources.
2015-12-30 10:57:40,322 [Worker-37] INFO  o.e.m.c.i.embedder.EclipseLogger - skip non existing resourceDirectory C:\rajan\workspaces\JaxbWorkspace\003Messanger\src\test\resources
2015-12-30 11:00:29,352 [Worker-14] INFO  o.e.m.c.i.embedder.EclipseLogger - Using 'UTF-8' encoding to copy filtered resources.
2015-12-30 11:00:29,353 [Worker-14] INFO  o.e.m.c.i.embedder.EclipseLogger - Copying 0 resource
2015-12-30 11:00:29,355 [Worker-14] INFO  o.e.m.c.i.embedder.EclipseLogger - Using 'UTF-8' encoding to copy filtered resources.
2015-12-30 11:00:29,355 [Worker-14] INFO  o.e.m.c.i.embedder.EclipseLogger - skip non existing resourceDirectory C:\rajan\workspaces\JaxbWorkspace\003Messanger\src\test\resources
2015-12-30 11:00:33,848 [Worker-14] INFO  o.e.m.c.i.embedder.EclipseLogger - Using 'UTF-8' encoding to copy filtered resources.
2015-12-30 11:00:33,848 [Worker-14] INFO  o.e.m.c.i.embedder.EclipseLogger - Copying 0 resource
2015-12-30 11:00:33,850 [Worker-14] INFO  o.e.m.c.i.embedder.EclipseLogger - Using 'UTF-8' encoding to copy filtered resources.
2015-12-30 11:00:33,850 [Worker-14] INFO  o.e.m.c.i.embedder.EclipseLogger - skip non existing resourceDirectory C:\rajan\workspaces\JaxbWorkspace\003Messanger\src\test\resources
2015-12-30 11:01:21,042 [Worker-34] INFO  o.e.m.c.i.embedder.EclipseLogger - Using 'UTF-8' encoding to copy filtered resources.
2015-12-30 11:01:21,043 [Worker-34] INFO  o.e.m.c.i.embedder.EclipseLogger - Copying 0 resource
2015-12-30 11:01:21,045 [Worker-34] INFO  o.e.m.c.i.embedder.EclipseLogger - Using 'UTF-8' encoding to copy filtered resources.
2015-12-30 11:01:21,046 [Worker-34] INFO  o.e.m.c.i.embedder.EclipseLogger - skip non existing resourceDirectory C:\rajan\workspaces\JaxbWorkspace\003Messanger\src\test\resources
2015-12-30 11:17:31,999 [Worker-43] INFO  o.e.m.c.i.embedder.EclipseLogger - Using 'UTF-8' encoding to copy filtered resources.
2015-12-30 11:17:32,000 [Worker-43] INFO  o.e.m.c.i.embedder.EclipseLogger - Copying 0 resource
2015-12-30 11:17:32,001 [Worker-43] INFO  o.e.m.c.i.embedder.EclipseLogger - Using 'UTF-8' encoding to copy filtered resources.
2015-12-30 11:17:32,002 [Worker-43] INFO  o.e.m.c.i.embedder.EclipseLogger - skip non existing resourceDirectory C:\rajan\workspaces\JaxbWorkspace\003Messanger\src\test\resources
2015-12-30 11:53:38,283 [Worker-48] INFO  o.e.m.c.i.embedder.EclipseLogger - Using 'UTF-8' encoding to copy filtered resources.
2015-12-30 11:53:38,285 [Worker-48] INFO  o.e.m.c.i.embedder.EclipseLogger - Copying 0 resource
2015-12-30 11:53:38,286 [Worker-48] INFO  o.e.m.c.i.embedder.EclipseLogger - Using 'UTF-8' encoding to copy filtered resources.
2015-12-30 11:53:38,286 [Worker-48] INFO  o.e.m.c.i.embedder.EclipseLogger - skip non existing resourceDirectory C:\rajan\workspaces\JaxbWorkspace\003Messanger\src\test\resources
2015-12-30 11:54:31,977 [main] INFO  o.e.m2e.actions.ExecutePomAction - Creating new launch configuration
2015-12-30 11:54:37,908 [Worker-48] INFO  o.e.m.i.launch.MavenLaunchDelegate - C:\rajan\workspaces\JaxbWorkspace\003Messanger
2015-12-30 11:54:37,908 [Worker-48] INFO  o.e.m.i.launch.MavenLaunchDelegate -  mvn  -B jetty:run
2015-12-30 11:58:12,398 [Worker-50] INFO  o.e.m.c.i.embedder.EclipseLogger - Using 'UTF-8' encoding to copy filtered resources.
2015-12-30 11:58:12,399 [Worker-50] INFO  o.e.m.c.i.embedder.EclipseLogger - Copying 0 resource
2015-12-30 11:58:12,400 [Worker-50] INFO  o.e.m.c.i.embedder.EclipseLogger - Using 'UTF-8' encoding to copy filtered resources.
2015-12-30 11:58:12,400 [Worker-50] INFO  o.e.m.c.i.embedder.EclipseLogger - skip non existing resourceDirectory C:\rajan\workspaces\JaxbWorkspace\003Messanger\src\test\resources
2015-12-30 11:59:49,893 [Worker-51] INFO  o.e.m.c.i.embedder.EclipseLogger - Using 'UTF-8' encoding to copy filtered resources.
2015-12-30 11:59:49,894 [Worker-51] INFO  o.e.m.c.i.embedder.EclipseLogger - Copying 0 resource
2015-12-30 11:59:49,896 [Worker-51] INFO  o.e.m.c.i.embedder.EclipseLogger - Using 'UTF-8' encoding to copy filtered resources.
2015-12-30 11:59:49,896 [Worker-51] INFO  o.e.m.c.i.embedder.EclipseLogger - skip non existing resourceDirectory C:\rajan\workspaces\JaxbWorkspace\003Messanger\src\test\resources
2015-12-30 12:00:45,583 [Worker-53] INFO  o.e.m.c.i.embedder.EclipseLogger - Using 'UTF-8' encoding to copy filtered resources.
2015-12-30 12:00:45,584 [Worker-53] INFO  o.e.m.c.i.embedder.EclipseLogger - Copying 0 resource
2015-12-30 12:00:45,585 [Worker-53] INFO  o.e.m.c.i.embedder.EclipseLogger - Using 'UTF-8' encoding to copy filtered resources.
2015-12-30 12:00:45,586 [Worker-53] INFO  o.e.m.c.i.embedder.EclipseLogger - skip non existing resourceDirectory C:\rajan\workspaces\JaxbWorkspace\003Messanger\src\test\resources
2015-12-30 12:01:21,244 [Worker-49] INFO  o.e.m.c.i.embedder.EclipseLogger - Using 'UTF-8' encoding to copy filtered resources.
2015-12-30 12:01:21,246 [Worker-49] INFO  o.e.m.c.i.embedder.EclipseLogger - Copying 0 resource
2015-12-30 12:01:21,248 [Worker-49] INFO  o.e.m.c.i.embedder.EclipseLogger - Using 'UTF-8' encoding to copy filtered resources.
2015-12-30 12:01:21,248 [Worker-49] INFO  o.e.m.c.i.embedder.EclipseLogger - skip non existing resourceDirectory C:\rajan\workspaces\JaxbWorkspace\003Messanger\src\test\resources
2015-12-30 12:01:25,222 [Worker-53] INFO  o.e.m.c.i.embedder.EclipseLogger - Using 'UTF-8' encoding to copy filtered resources.
2015-12-30 12:01:25,223 [Worker-53] INFO  o.e.m.c.i.embedder.EclipseLogger - Copying 0 resource
2015-12-30 12:01:25,224 [Worker-53] INFO  o.e.m.c.i.embedder.EclipseLogger - Using 'UTF-8' encoding to copy filtered resources.
2015-12-30 12:01:25,225 [Worker-53] INFO  o.e.m.c.i.embedder.EclipseLogger - skip non existing resourceDirectory C:\rajan\workspaces\JaxbWorkspace\003Messanger\src\test\resources
2015-12-30 12:01:37,090 [Worker-50] INFO  o.e.m.c.i.embedder.EclipseLogger - Using 'UTF-8' encoding to copy filtered resources.
2015-12-30 12:01:37,091 [Worker-50] INFO  o.e.m.c.i.embedder.EclipseLogger - Copying 0 resource
2015-12-30 12:01:37,092 [Worker-50] INFO  o.e.m.c.i.embedder.EclipseLogger - Using 'UTF-8' encoding to copy filtered resources.
2015-12-30 12:01:37,092 [Worker-50] INFO  o.e.m.c.i.embedder.EclipseLogger - skip non existing resourceDirectory C:\rajan\workspaces\JaxbWorkspace\003Messanger\src\test\resources
2015-12-30 12:03:53,172 [Worker-52] INFO  o.e.m.c.i.embedder.EclipseLogger - Using 'UTF-8' encoding to copy filtered resources.
2015-12-30 12:03:53,174 [Worker-52] INFO  o.e.m.c.i.embedder.EclipseLogger - Copying 0 resource
2015-12-30 12:03:53,178 [Worker-52] INFO  o.e.m.c.i.embedder.EclipseLogger - Using 'UTF-8' encoding to copy filtered resources.
2015-12-30 12:03:53,179 [Worker-52] INFO  o.e.m.c.i.embedder.EclipseLogger - skip non existing resourceDirectory C:\rajan\workspaces\JaxbWorkspace\003Messanger\src\test\resources
2015-12-30 12:05:12,519 [Worker-54] INFO  o.e.m.c.i.embedder.EclipseLogger - Using 'UTF-8' encoding to copy filtered resources.
2015-12-30 12:05:12,520 [Worker-54] INFO  o.e.m.c.i.embedder.EclipseLogger - Copying 0 resource
2015-12-30 12:05:12,521 [Worker-54] INFO  o.e.m.c.i.embedder.EclipseLogger - Using 'UTF-8' encoding to copy filtered resources.
2015-12-30 12:05:12,521 [Worker-54] INFO  o.e.m.c.i.embedder.EclipseLogger - skip non existing resourceDirectory C:\rajan\workspaces\JaxbWorkspace\003Messanger\src\test\resources
2015-12-30 12:05:45,097 [Worker-50] INFO  o.e.m.c.i.embedder.EclipseLogger - Using 'UTF-8' encoding to copy filtered resources.
2015-12-30 12:05:45,097 [Worker-50] INFO  o.e.m.c.i.embedder.EclipseLogger - Copying 0 resource
2015-12-30 12:05:45,098 [Worker-50] INFO  o.e.m.c.i.embedder.EclipseLogger - Using 'UTF-8' encoding to copy filtered resources.
2015-12-30 12:05:45,099 [Worker-50] INFO  o.e.m.c.i.embedder.EclipseLogger - skip non existing resourceDirectory C:\rajan\workspaces\JaxbWorkspace\003Messanger\src\test\resources
2015-12-30 12:07:11,688 [Worker-55] INFO  o.e.m.c.i.embedder.EclipseLogger - Using 'UTF-8' encoding to copy filtered resources.
2015-12-30 12:07:11,689 [Worker-55] INFO  o.e.m.c.i.embedder.EclipseLogger - Copying 0 resource
2015-12-30 12:07:11,689 [Worker-55] INFO  o.e.m.c.i.embedder.EclipseLogger - Using 'UTF-8' encoding to copy filtered resources.
2015-12-30 12:07:11,690 [Worker-55] INFO  o.e.m.c.i.embedder.EclipseLogger - skip non existing resourceDirectory C:\rajan\workspaces\JaxbWorkspace\003Messanger\src\test\resources
2015-12-30 12:07:24,918 [Worker-47] INFO  o.e.m.c.i.embedder.EclipseLogger - Using 'UTF-8' encoding to copy filtered resources.
2015-12-30 12:07:24,919 [Worker-47] INFO  o.e.m.c.i.embedder.EclipseLogger - Copying 0 resource
2015-12-30 12:07:24,920 [Worker-47] INFO  o.e.m.c.i.embedder.EclipseLogger - Using 'UTF-8' encoding to copy filtered resources.
2015-12-30 12:07:24,920 [Worker-47] INFO  o.e.m.c.i.embedder.EclipseLogger - skip non existing resourceDirectory C:\rajan\workspaces\JaxbWorkspace\003Messanger\src\test\resources
2015-12-30 12:07:32,326 [Worker-51] INFO  o.e.m.c.i.embedder.EclipseLogger - Using 'UTF-8' encoding to copy filtered resources.
2015-12-30 12:07:32,327 [Worker-51] INFO  o.e.m.c.i.embedder.EclipseLogger - Copying 0 resource
2015-12-30 12:07:32,328 [Worker-51] INFO  o.e.m.c.i.embedder.EclipseLogger - Using 'UTF-8' encoding to copy filtered resources.
2015-12-30 12:07:32,328 [Worker-51] INFO  o.e.m.c.i.embedder.EclipseLogger - skip non existing resourceDirectory C:\rajan\workspaces\JaxbWorkspace\003Messanger\src\test\resources
2015-12-30 12:07:36,989 [Worker-51] INFO  o.e.m.c.i.embedder.EclipseLogger - Using 'UTF-8' encoding to copy filtered resources.
2015-12-30 12:07:36,990 [Worker-51] INFO  o.e.m.c.i.embedder.EclipseLogger - Copying 0 resource
2015-12-30 12:07:36,991 [Worker-51] INFO  o.e.m.c.i.embedder.EclipseLogger - Using 'UTF-8' encoding to copy filtered resources.
2015-12-30 12:07:36,991 [Worker-51] INFO  o.e.m.c.i.embedder.EclipseLogger - skip non existing resourceDirectory C:\rajan\workspaces\JaxbWorkspace\003Messanger\src\test\resources
2015-12-30 12:07:44,186 [Worker-47] INFO  o.e.m.c.i.embedder.EclipseLogger - Using 'UTF-8' encoding to copy filtered resources.
2015-12-30 12:07:44,186 [Worker-47] INFO  o.e.m.c.i.embedder.EclipseLogger - Copying 0 resource
2015-12-30 12:07:44,187 [Worker-47] INFO  o.e.m.c.i.embedder.EclipseLogger - Using 'UTF-8' encoding to copy filtered resources.
2015-12-30 12:07:44,188 [Worker-47] INFO  o.e.m.c.i.embedder.EclipseLogger - skip non existing resourceDirectory C:\rajan\workspaces\JaxbWorkspace\003Messanger\src\test\resources
2015-12-30 12:10:11,649 [Worker-57] INFO  o.e.m.c.i.embedder.EclipseLogger - Using 'UTF-8' encoding to copy filtered resources.
2015-12-30 12:10:11,650 [Worker-57] INFO  o.e.m.c.i.embedder.EclipseLogger - Copying 0 resource
2015-12-30 12:10:11,655 [Worker-57] INFO  o.e.m.c.i.embedder.EclipseLogger - Using 'UTF-8' encoding to copy filtered resources.
2015-12-30 12:10:11,656 [Worker-57] INFO  o.e.m.c.i.embedder.EclipseLogger - skip non existing resourceDirectory C:\rajan\workspaces\JaxbWorkspace\003Messanger\src\test\resources
2015-12-30 12:11:29,832 [Worker-52] INFO  o.e.m.c.i.embedder.EclipseLogger - Using 'UTF-8' encoding to copy filtered resources.
2015-12-30 12:11:29,833 [Worker-52] INFO  o.e.m.c.i.embedder.EclipseLogger - Copying 0 resource
2015-12-30 12:11:29,835 [Worker-52] INFO  o.e.m.c.i.embedder.EclipseLogger - Using 'UTF-8' encoding to copy filtered resources.
2015-12-30 12:11:29,835 [Worker-52] INFO  o.e.m.c.i.embedder.EclipseLogger - skip non existing resourceDirectory C:\rajan\workspaces\JaxbWorkspace\003Messanger\src\test\resources
2015-12-30 12:12:41,996 [Worker-57] INFO  o.e.m.c.i.embedder.EclipseLogger - Using 'UTF-8' encoding to copy filtered resources.
2015-12-30 12:12:41,997 [Worker-57] INFO  o.e.m.c.i.embedder.EclipseLogger - Copying 0 resource
2015-12-30 12:12:41,998 [Worker-57] INFO  o.e.m.c.i.embedder.EclipseLogger - Using 'UTF-8' encoding to copy filtered resources.
2015-12-30 12:12:41,999 [Worker-57] INFO  o.e.m.c.i.embedder.EclipseLogger - skip non existing resourceDirectory C:\rajan\workspaces\JaxbWorkspace\003Messanger\src\test\resources
2015-12-30 12:13:05,179 [main] INFO  o.e.m2e.actions.ExecutePomAction - Using existing launch configuration
2015-12-30 12:13:05,244 [Worker-58] INFO  o.e.m.i.launch.MavenLaunchDelegate - C:\rajan\workspaces\JaxbWorkspace\003Messanger
2015-12-30 12:13:05,244 [Worker-58] INFO  o.e.m.i.launch.MavenLaunchDelegate -  mvn  -B jetty:run
2015-12-30 12:15:09,507 [Worker-52] INFO  o.e.m.c.i.embedder.EclipseLogger - Using 'UTF-8' encoding to copy filtered resources.
2015-12-30 12:15:09,508 [Worker-52] INFO  o.e.m.c.i.embedder.EclipseLogger - Copying 0 resource
2015-12-30 12:15:09,510 [Worker-52] INFO  o.e.m.c.i.embedder.EclipseLogger - Using 'UTF-8' encoding to copy filtered resources.
2015-12-30 12:15:09,510 [Worker-52] INFO  o.e.m.c.i.embedder.EclipseLogger - skip non existing resourceDirectory C:\rajan\workspaces\JaxbWorkspace\003Messanger\src\test\resources
2015-12-30 12:15:14,233 [Worker-56] INFO  o.e.m.c.i.embedder.EclipseLogger - Using 'UTF-8' encoding to copy filtered resources.
2015-12-30 12:15:14,234 [Worker-56] INFO  o.e.m.c.i.embedder.EclipseLogger - Copying 0 resource
2015-12-30 12:15:14,234 [Worker-56] INFO  o.e.m.c.i.embedder.EclipseLogger - Using 'UTF-8' encoding to copy filtered resources.
2015-12-30 12:15:14,235 [Worker-56] INFO  o.e.m.c.i.embedder.EclipseLogger - skip non existing resourceDirectory C:\rajan\workspaces\JaxbWorkspace\003Messanger\src\test\resources
2015-12-30 12:15:57,686 [Worker-58] INFO  o.e.m.c.i.embedder.EclipseLogger - Using 'UTF-8' encoding to copy filtered resources.
2015-12-30 12:15:57,687 [Worker-58] INFO  o.e.m.c.i.embedder.EclipseLogger - Copying 0 resource
2015-12-30 12:15:57,689 [Worker-58] INFO  o.e.m.c.i.embedder.EclipseLogger - Using 'UTF-8' encoding to copy filtered resources.
2015-12-30 12:15:57,690 [Worker-58] INFO  o.e.m.c.i.embedder.EclipseLogger - skip non existing resourceDirectory C:\rajan\workspaces\JaxbWorkspace\003Messanger\src\test\resources
2015-12-30 12:17:57,356 [Worker-61] INFO  o.e.m.c.i.embedder.EclipseLogger - Using 'UTF-8' encoding to copy filtered resources.
2015-12-30 12:17:57,357 [Worker-61] INFO  o.e.m.c.i.embedder.EclipseLogger - Copying 0 resource
2015-12-30 12:17:57,358 [Worker-61] INFO  o.e.m.c.i.embedder.EclipseLogger - Using 'UTF-8' encoding to copy filtered resources.
2015-12-30 12:17:57,358 [Worker-61] INFO  o.e.m.c.i.embedder.EclipseLogger - skip non existing resourceDirectory C:\rajan\workspaces\JaxbWorkspace\003Messanger\src\test\resources
2015-12-30 12:18:40,112 [Worker-58] INFO  o.e.m.c.i.embedder.EclipseLogger - Using 'UTF-8' encoding to copy filtered resources.
2015-12-30 12:18:40,113 [Worker-58] INFO  o.e.m.c.i.embedder.EclipseLogger - Copying 0 resource
2015-12-30 12:18:40,114 [Worker-58] INFO  o.e.m.c.i.embedder.EclipseLogger - Using 'UTF-8' encoding to copy filtered resources.
2015-12-30 12:18:40,115 [Worker-58] INFO  o.e.m.c.i.embedder.EclipseLogger - skip non existing resourceDirectory C:\rajan\workspaces\JaxbWorkspace\003Messanger\src\test\resources
2015-12-30 12:19:58,385 [Worker-58] INFO  o.e.m.c.i.l.LifecycleMappingFactory - Using org.maven.ide.eclipse.wtp.WarLifecycleMapping lifecycle mapping for MavenProject: org.rajan.javabrains:002Messanger:0.0.1-SNAPSHOT @ C:\rajan\workspaces\JaxbWorkspace\003Messanger\pom.xml.
2015-12-30 12:19:59,094 [Worker-58] INFO  o.e.m.c.i.embedder.EclipseLogger - Using 'UTF-8' encoding to copy filtered resources.
2015-12-30 12:19:59,094 [Worker-58] INFO  o.e.m.c.i.embedder.EclipseLogger - Copying 0 resource
2015-12-30 12:19:59,095 [Worker-58] INFO  o.e.m.c.i.embedder.EclipseLogger - Using 'UTF-8' encoding to copy filtered resources.
2015-12-30 12:19:59,096 [Worker-58] INFO  o.e.m.c.i.embedder.EclipseLogger - skip non existing resourceDirectory C:\rajan\workspaces\JaxbWorkspace\003Messanger\src\test\resources
2015-12-30 12:19:59,096 [Worker-58] INFO  o.e.m.w.i.f.ResourceFilteringBuildParticipant - Changed resources require a complete clean of filtered resources of 003Messanger
2015-12-30 12:19:59,096 [Worker-58] INFO  o.e.m.w.i.f.ResourceFilteringBuildParticipant - Executing resource filtering for 003Messanger
2015-12-30 12:19:59,119 [Worker-58] INFO  o.e.m.c.i.embedder.EclipseLogger - Using 'UTF-8' encoding to copy filtered resources.
2015-12-30 12:20:13,511 [Worker-52] INFO  o.e.m.c.i.l.LifecycleMappingFactory - Using org.maven.ide.eclipse.wtp.WarLifecycleMapping lifecycle mapping for MavenProject: org.rajan.javabrains:002Messanger:0.0.1-SNAPSHOT @ C:\rajan\workspaces\JaxbWorkspace\003Messanger\pom.xml.
2015-12-30 12:20:14,866 [Worker-52] INFO  o.e.m.c.i.embedder.EclipseLogger - Using 'UTF-8' encoding to copy filtered resources.
2015-12-30 12:20:14,866 [Worker-52] INFO  o.e.m.c.i.embedder.EclipseLogger - Copying 0 resource
2015-12-30 12:20:14,868 [Worker-52] INFO  o.e.m.c.i.embedder.EclipseLogger - Using 'UTF-8' encoding to copy filtered resources.
2015-12-30 12:20:14,868 [Worker-52] INFO  o.e.m.c.i.embedder.EclipseLogger - skip non existing resourceDirectory C:\rajan\workspaces\JaxbWorkspace\003Messanger\src\test\resources
2015-12-30 12:20:14,868 [Worker-52] INFO  o.e.m.w.i.f.ResourceFilteringBuildParticipant - Changed resources require a complete clean of filtered resources of 003Messanger
2015-12-30 12:20:14,868 [Worker-52] INFO  o.e.m.w.i.f.ResourceFilteringBuildParticipant - Executing resource filtering for 003Messanger
2015-12-30 12:20:14,872 [Worker-52] INFO  o.e.m.c.i.embedder.EclipseLogger - Using 'UTF-8' encoding to copy filtered resources.
2015-12-30 12:39:44,280 [Worker-60] INFO  o.e.m.c.i.embedder.EclipseLogger - Using 'UTF-8' encoding to copy filtered resources.
2015-12-30 12:39:44,281 [Worker-60] INFO  o.e.m.c.i.embedder.EclipseLogger - Copying 0 resource
2015-12-30 12:39:44,283 [Worker-60] INFO  o.e.m.c.i.embedder.EclipseLogger - Using 'UTF-8' encoding to copy filtered resources.
2015-12-30 12:39:44,283 [Worker-60] INFO  o.e.m.c.i.embedder.EclipseLogger - skip non existing resourceDirectory C:\rajan\workspaces\JaxbWorkspace\003Messanger\src\test\resources
2015-12-30 12:40:39,360 [Worker-52] INFO  o.e.m.c.i.embedder.EclipseLogger - Using 'UTF-8' encoding to copy filtered resources.
2015-12-30 12:40:39,361 [Worker-52] INFO  o.e.m.c.i.embedder.EclipseLogger - Copying 0 resource
2015-12-30 12:40:39,364 [Worker-52] INFO  o.e.m.c.i.embedder.EclipseLogger - Using 'UTF-8' encoding to copy filtered resources.
2015-12-30 12:40:39,364 [Worker-52] INFO  o.e.m.c.i.embedder.EclipseLogger - skip non existing resourceDirectory C:\rajan\workspaces\JaxbWorkspace\003Messanger\src\test\resources
2015-12-30 12:41:01,208 [Worker-66] INFO  o.e.m.c.i.embedder.EclipseLogger - Using 'UTF-8' encoding to copy filtered resources.
2015-12-30 12:41:01,209 [Worker-66] INFO  o.e.m.c.i.embedder.EclipseLogger - Copying 0 resource
2015-12-30 12:41:01,210 [Worker-66] INFO  o.e.m.c.i.embedder.EclipseLogger - Using 'UTF-8' encoding to copy filtered resources.
2015-12-30 12:41:01,210 [Worker-66] INFO  o.e.m.c.i.embedder.EclipseLogger - skip non existing resourceDirectory C:\rajan\workspaces\JaxbWorkspace\003Messanger\src\test\resources
2015-12-30 12:42:08,758 [Worker-67] INFO  o.e.m.c.i.embedder.EclipseLogger - Using 'UTF-8' encoding to copy filtered resources.
2015-12-30 12:42:08,759 [Worker-67] INFO  o.e.m.c.i.embedder.EclipseLogger - Copying 0 resource
2015-12-30 12:42:08,760 [Worker-67] INFO  o.e.m.c.i.embedder.EclipseLogger - Using 'UTF-8' encoding to copy filtered resources.
2015-12-30 12:42:08,760 [Worker-67] INFO  o.e.m.c.i.embedder.EclipseLogger - skip non existing resourceDirectory C:\rajan\workspaces\JaxbWorkspace\003Messanger\src\test\resources
2015-12-30 12:42:25,145 [Worker-52] INFO  o.e.m.c.i.embedder.EclipseLogger - Using 'UTF-8' encoding to copy filtered resources.
2015-12-30 12:42:25,146 [Worker-52] INFO  o.e.m.c.i.embedder.EclipseLogger - Copying 0 resource
2015-12-30 12:42:25,166 [Worker-52] INFO  o.e.m.c.i.embedder.EclipseLogger - Using 'UTF-8' encoding to copy filtered resources.
2015-12-30 12:42:25,166 [Worker-52] INFO  o.e.m.c.i.embedder.EclipseLogger - skip non existing resourceDirectory C:\rajan\workspaces\JaxbWorkspace\003Messanger\src\test\resources
2015-12-30 12:43:18,230 [Worker-67] INFO  o.e.m.c.i.embedder.EclipseLogger - Using 'UTF-8' encoding to copy filtered resources.
2015-12-30 12:43:18,231 [Worker-67] INFO  o.e.m.c.i.embedder.EclipseLogger - Copying 0 resource
2015-12-30 12:43:18,232 [Worker-67] INFO  o.e.m.c.i.embedder.EclipseLogger - Using 'UTF-8' encoding to copy filtered resources.
2015-12-30 12:43:18,232 [Worker-67] INFO  o.e.m.c.i.embedder.EclipseLogger - skip non existing resourceDirectory C:\rajan\workspaces\JaxbWorkspace\003Messanger\src\test\resources
2015-12-30 12:43:30,631 [Worker-68] INFO  o.e.m.c.i.l.LifecycleMappingFactory - Using org.maven.ide.eclipse.wtp.WarLifecycleMapping lifecycle mapping for MavenProject: org.rajan.javabrains:002Messanger:0.0.1-SNAPSHOT @ C:\rajan\workspaces\JaxbWorkspace\004Messanger\pom.xml.
2015-12-30 12:43:31,032 [Worker-68] INFO  o.e.m.c.i.embedder.EclipseLogger - Using 'UTF-8' encoding to copy filtered resources.
2015-12-30 12:43:31,033 [Worker-68] INFO  o.e.m.c.i.embedder.EclipseLogger - Copying 0 resource
2015-12-30 12:43:31,034 [Worker-68] INFO  o.e.m.c.i.embedder.EclipseLogger - Using 'UTF-8' encoding to copy filtered resources.
2015-12-30 12:43:31,035 [Worker-68] INFO  o.e.m.c.i.embedder.EclipseLogger - skip non existing resourceDirectory C:\rajan\workspaces\JaxbWorkspace\004Messanger\src\test\resources
2015-12-30 12:43:32,584 [Worker-65] INFO  o.e.m.c.i.embedder.EclipseLogger - Using 'UTF-8' encoding to copy filtered resources.
2015-12-30 12:43:32,585 [Worker-65] INFO  o.e.m.c.i.embedder.EclipseLogger - Copying 0 resource
2015-12-30 12:43:32,588 [Worker-65] INFO  o.e.m.c.i.embedder.EclipseLogger - Using 'UTF-8' encoding to copy filtered resources.
2015-12-30 12:43:32,588 [Worker-65] INFO  o.e.m.c.i.embedder.EclipseLogger - skip non existing resourceDirectory C:\rajan\workspaces\JaxbWorkspace\004Messanger\src\test\resources
2015-12-30 12:43:46,595 [Worker-60] INFO  o.e.m.c.i.embedder.EclipseLogger - Using 'UTF-8' encoding to copy filtered resources.
2015-12-30 12:43:46,598 [Worker-60] INFO  o.e.m.c.i.embedder.EclipseLogger - Copying 0 resource
2015-12-30 12:43:46,602 [Worker-60] INFO  o.e.m.c.i.embedder.EclipseLogger - Using 'UTF-8' encoding to copy filtered resources.
2015-12-30 12:43:46,602 [Worker-60] INFO  o.e.m.c.i.embedder.EclipseLogger - skip non existing resourceDirectory C:\rajan\workspaces\JaxbWorkspace\003Messanger\src\test\resources
2015-12-30 12:43:58,525 [Worker-67] INFO  o.e.m.c.i.embedder.EclipseLogger - Using 'UTF-8' encoding to copy filtered resources.
2015-12-30 12:43:58,526 [Worker-67] INFO  o.e.m.c.i.embedder.EclipseLogger - Copying 0 resource
2015-12-30 12:43:58,528 [Worker-67] INFO  o.e.m.c.i.embedder.EclipseLogger - Using 'UTF-8' encoding to copy filtered resources.
2015-12-30 12:43:58,528 [Worker-67] INFO  o.e.m.c.i.embedder.EclipseLogger - skip non existing resourceDirectory C:\rajan\workspaces\JaxbWorkspace\003Messanger\src\test\resources
2015-12-30 12:45:38,965 [Worker-66] INFO  o.e.m.c.i.embedder.EclipseLogger - Using 'UTF-8' encoding to copy filtered resources.
2015-12-30 12:45:38,966 [Worker-66] INFO  o.e.m.c.i.embedder.EclipseLogger - Copying 0 resource
2015-12-30 12:45:38,967 [Worker-66] INFO  o.e.m.c.i.embedder.EclipseLogger - Using 'UTF-8' encoding to copy filtered resources.
2015-12-30 12:45:38,967 [Worker-66] INFO  o.e.m.c.i.embedder.EclipseLogger - skip non existing resourceDirectory C:\rajan\workspaces\JaxbWorkspace\004Messanger\src\test\resources
2015-12-30 12:46:50,652 [Worker-65] INFO  o.e.m.c.i.embedder.EclipseLogger - Using 'UTF-8' encoding to copy filtered resources.
2015-12-30 12:46:50,653 [Worker-65] INFO  o.e.m.c.i.embedder.EclipseLogger - Copying 0 resource
2015-12-30 12:46:50,654 [Worker-65] INFO  o.e.m.c.i.embedder.EclipseLogger - Using 'UTF-8' encoding to copy filtered resources.
2015-12-30 12:46:50,654 [Worker-65] INFO  o.e.m.c.i.embedder.EclipseLogger - skip non existing resourceDirectory C:\rajan\workspaces\JaxbWorkspace\004Messanger\src\test\resources
2015-12-30 12:48:13,185 [Worker-67] INFO  o.e.m.c.i.embedder.EclipseLogger - Using 'UTF-8' encoding to copy filtered resources.
2015-12-30 12:48:13,186 [Worker-67] INFO  o.e.m.c.i.embedder.EclipseLogger - Copying 0 resource
2015-12-30 12:48:13,188 [Worker-67] INFO  o.e.m.c.i.embedder.EclipseLogger - Using 'UTF-8' encoding to copy filtered resources.
2015-12-30 12:48:13,188 [Worker-67] INFO  o.e.m.c.i.embedder.EclipseLogger - skip non existing resourceDirectory C:\rajan\workspaces\JaxbWorkspace\004Messanger\src\test\resources
2015-12-30 12:49:00,271 [Worker-66] INFO  o.e.m.c.i.embedder.EclipseLogger - Using 'UTF-8' encoding to copy filtered resources.
2015-12-30 12:49:00,271 [Worker-66] INFO  o.e.m.c.i.embedder.EclipseLogger - Copying 0 resource
2015-12-30 12:49:00,272 [Worker-66] INFO  o.e.m.c.i.embedder.EclipseLogger - Using 'UTF-8' encoding to copy filtered resources.
2015-12-30 12:49:00,273 [Worker-66] INFO  o.e.m.c.i.embedder.EclipseLogger - skip non existing resourceDirectory C:\rajan\workspaces\JaxbWorkspace\004Messanger\src\test\resources
2015-12-30 12:54:37,375 [Worker-60] INFO  o.e.m.c.i.embedder.EclipseLogger - Using 'UTF-8' encoding to copy filtered resources.
2015-12-30 12:54:37,376 [Worker-60] INFO  o.e.m.c.i.embedder.EclipseLogger - Copying 0 resource
2015-12-30 12:54:37,377 [Worker-60] INFO  o.e.m.c.i.embedder.EclipseLogger - Using 'UTF-8' encoding to copy filtered resources.
2015-12-30 12:54:37,377 [Worker-60] INFO  o.e.m.c.i.embedder.EclipseLogger - skip non existing resourceDirectory C:\rajan\workspaces\JaxbWorkspace\004Messanger\src\test\resources
2015-12-30 12:57:20,561 [Worker-70] INFO  o.e.m.c.i.embedder.EclipseLogger - Using 'UTF-8' encoding to copy filtered resources.
2015-12-30 12:57:20,562 [Worker-70] INFO  o.e.m.c.i.embedder.EclipseLogger - Copying 0 resource
2015-12-30 12:57:20,564 [Worker-70] INFO  o.e.m.c.i.embedder.EclipseLogger - Using 'UTF-8' encoding to copy filtered resources.
2015-12-30 12:57:20,564 [Worker-70] INFO  o.e.m.c.i.embedder.EclipseLogger - skip non existing resourceDirectory C:\rajan\workspaces\JaxbWorkspace\004Messanger\src\test\resources
2015-12-30 12:57:27,298 [main] INFO  o.e.m2e.actions.ExecutePomAction - Creating new launch configuration
2015-12-30 12:57:31,485 [Worker-69] INFO  o.e.m.i.launch.MavenLaunchDelegate - C:\rajan\workspaces\JaxbWorkspace\004Messanger
2015-12-30 12:57:31,485 [Worker-69] INFO  o.e.m.i.launch.MavenLaunchDelegate -  mvn  -B jetty:run
2015-12-30 12:58:13,448 [Worker-64] INFO  o.e.m.c.i.embedder.EclipseLogger - Using 'UTF-8' encoding to copy filtered resources.
2015-12-30 12:58:13,449 [Worker-64] INFO  o.e.m.c.i.embedder.EclipseLogger - Copying 0 resource
2015-12-30 12:58:13,450 [Worker-64] INFO  o.e.m.c.i.embedder.EclipseLogger - Using 'UTF-8' encoding to copy filtered resources.
2015-12-30 12:58:13,450 [Worker-64] INFO  o.e.m.c.i.embedder.EclipseLogger - skip non existing resourceDirectory C:\rajan\workspaces\JaxbWorkspace\004Messanger\src\test\resources
2015-12-30 12:58:17,756 [Worker-65] INFO  o.e.m.c.i.l.LifecycleMappingFactory - Using org.maven.ide.eclipse.wtp.WarLifecycleMapping lifecycle mapping for MavenProject: org.rajan.javabrains:002Messanger:0.0.1-SNAPSHOT @ C:\rajan\workspaces\JaxbWorkspace\003Messanger\pom.xml.
2015-12-30 12:58:19,145 [Worker-60] INFO  o.e.m.c.i.embedder.EclipseLogger - Using 'UTF-8' encoding to copy filtered resources.
2015-12-30 12:58:19,146 [Worker-60] INFO  o.e.m.c.i.embedder.EclipseLogger - Copying 0 resource
2015-12-30 12:58:19,148 [Worker-60] INFO  o.e.m.c.i.embedder.EclipseLogger - Using 'UTF-8' encoding to copy filtered resources.
2015-12-30 12:58:19,148 [Worker-60] INFO  o.e.m.c.i.embedder.EclipseLogger - skip non existing resourceDirectory C:\rajan\workspaces\JaxbWorkspace\003Messanger\src\test\resources
2015-12-30 12:58:45,243 [Worker-64] INFO  o.e.m.c.i.embedder.EclipseLogger - Using 'UTF-8' encoding to copy filtered resources.
2015-12-30 12:58:45,244 [Worker-64] INFO  o.e.m.c.i.embedder.EclipseLogger - Copying 0 resource
2015-12-30 12:58:45,245 [Worker-64] INFO  o.e.m.c.i.embedder.EclipseLogger - Using 'UTF-8' encoding to copy filtered resources.
2015-12-30 12:58:45,245 [Worker-64] INFO  o.e.m.c.i.embedder.EclipseLogger - skip non existing resourceDirectory C:\rajan\workspaces\JaxbWorkspace\003Messanger\src\test\resources
2015-12-30 13:04:40,246 [Worker-68] INFO  o.e.m.c.i.embedder.EclipseLogger - Using 'UTF-8' encoding to copy filtered resources.
2015-12-30 13:04:40,246 [Worker-68] INFO  o.e.m.c.i.embedder.EclipseLogger - Copying 0 resource
2015-12-30 13:04:40,248 [Worker-68] INFO  o.e.m.c.i.embedder.EclipseLogger - Using 'UTF-8' encoding to copy filtered resources.
2015-12-30 13:04:40,248 [Worker-68] INFO  o.e.m.c.i.embedder.EclipseLogger - skip non existing resourceDirectory C:\rajan\workspaces\JaxbWorkspace\004Messanger\src\test\resources
2015-12-30 13:05:41,356 [Worker-72] INFO  o.e.m.c.i.embedder.EclipseLogger - Using 'UTF-8' encoding to copy filtered resources.
2015-12-30 13:05:41,357 [Worker-72] INFO  o.e.m.c.i.embedder.EclipseLogger - Copying 0 resource
2015-12-30 13:05:41,357 [Worker-72] INFO  o.e.m.c.i.embedder.EclipseLogger - Using 'UTF-8' encoding to copy filtered resources.
2015-12-30 13:05:41,358 [Worker-72] INFO  o.e.m.c.i.embedder.EclipseLogger - skip non existing resourceDirectory C:\rajan\workspaces\JaxbWorkspace\004Messanger\src\test\resources
2015-12-30 13:06:03,217 [main] INFO  o.e.m2e.actions.ExecutePomAction - Using existing launch configuration
2015-12-30 13:06:03,300 [Worker-65] INFO  o.e.m.i.launch.MavenLaunchDelegate - C:\rajan\workspaces\JaxbWorkspace\004Messanger
2015-12-30 13:06:03,300 [Worker-65] INFO  o.e.m.i.launch.MavenLaunchDelegate -  mvn  -B jetty:run
2015-12-30 13:07:35,368 [Worker-52] INFO  o.e.m.c.i.embedder.EclipseLogger - Using 'UTF-8' encoding to copy filtered resources.
2015-12-30 13:07:35,369 [Worker-52] INFO  o.e.m.c.i.embedder.EclipseLogger - Copying 0 resource
2015-12-30 13:07:35,370 [Worker-52] INFO  o.e.m.c.i.embedder.EclipseLogger - Using 'UTF-8' encoding to copy filtered resources.
2015-12-30 13:07:35,370 [Worker-52] INFO  o.e.m.c.i.embedder.EclipseLogger - skip non existing resourceDirectory C:\rajan\workspaces\JaxbWorkspace\004Messanger\src\test\resources
2015-12-30 13:07:43,260 [main] INFO  o.e.m2e.actions.ExecutePomAction - Using existing launch configuration
2015-12-30 13:07:43,319 [Worker-75] INFO  o.e.m.i.launch.MavenLaunchDelegate - C:\rajan\workspaces\JaxbWorkspace\004Messanger
2015-12-30 13:07:43,319 [Worker-75] INFO  o.e.m.i.launch.MavenLaunchDelegate -  mvn  -B jetty:run
2015-12-30 13:11:05,198 [Worker-75] INFO  o.e.m.c.i.embedder.EclipseLogger - Using 'UTF-8' encoding to copy filtered resources.
2015-12-30 13:11:05,199 [Worker-75] INFO  o.e.m.c.i.embedder.EclipseLogger - Copying 0 resource
2015-12-30 13:11:05,200 [Worker-75] INFO  o.e.m.c.i.embedder.EclipseLogger - Using 'UTF-8' encoding to copy filtered resources.
2015-12-30 13:11:05,200 [Worker-75] INFO  o.e.m.c.i.embedder.EclipseLogger - skip non existing resourceDirectory C:\rajan\workspaces\JaxbWorkspace\004Messanger\src\test\resources
2015-12-30 13:13:19,142 [Worker-52] INFO  o.e.m.c.i.embedder.EclipseLogger - Using 'UTF-8' encoding to copy filtered resources.
2015-12-30 13:13:19,143 [Worker-52] INFO  o.e.m.c.i.embedder.EclipseLogger - Copying 0 resource
2015-12-30 13:13:19,144 [Worker-52] INFO  o.e.m.c.i.embedder.EclipseLogger - Using 'UTF-8' encoding to copy filtered resources.
2015-12-30 13:13:19,144 [Worker-52] INFO  o.e.m.c.i.embedder.EclipseLogger - skip non existing resourceDirectory C:\rajan\workspaces\JaxbWorkspace\004Messanger\src\test\resources
2015-12-30 13:14:37,640 [Worker-52] INFO  o.e.m.c.i.embedder.EclipseLogger - Using 'UTF-8' encoding to copy filtered resources.
2015-12-30 13:14:37,641 [Worker-52] INFO  o.e.m.c.i.embedder.EclipseLogger - Copying 0 resource
2015-12-30 13:14:37,643 [Worker-52] INFO  o.e.m.c.i.embedder.EclipseLogger - Using 'UTF-8' encoding to copy filtered resources.
2015-12-30 13:14:37,643 [Worker-52] INFO  o.e.m.c.i.embedder.EclipseLogger - skip non existing resourceDirectory C:\rajan\workspaces\JaxbWorkspace\004Messanger\src\test\resources
2015-12-30 13:14:57,832 [Worker-78] INFO  o.e.m.c.i.embedder.EclipseLogger - Using 'UTF-8' encoding to copy filtered resources.
2015-12-30 13:14:57,833 [Worker-78] INFO  o.e.m.c.i.embedder.EclipseLogger - Copying 0 resource
2015-12-30 13:14:57,833 [Worker-78] INFO  o.e.m.c.i.embedder.EclipseLogger - Using 'UTF-8' encoding to copy filtered resources.
2015-12-30 13:14:57,834 [Worker-78] INFO  o.e.m.c.i.embedder.EclipseLogger - skip non existing resourceDirectory C:\rajan\workspaces\JaxbWorkspace\004Messanger\src\test\resources
